<?xml version="1.0" encoding="UTF-8"?>
<!-- Generated by org.testng.reporters.JUnitReportReporter -->
<testsuite skipped="0" hostname="SumathiUsha-PC" name="pack.SortArrayList" tests="1" failures="0" timestamp="08 Jul 2018 18:11:18 GMT" time="0.029" errors="0">
  <testcase name="arraylist" time="0.029" classname="pack.SortArrayList"/>
</testsuite> <!-- pack.SortArrayList -->
