<?xml version="1.0" encoding="UTF-8"?>
<!-- Generated by org.testng.reporters.JUnitReportReporter -->
<testsuite skipped="0" hostname="SumathiUsha-PC" name="pack.ArrayComparing" tests="1" failures="0" timestamp="21 May 2018 05:54:16 GMT" time="0.019" errors="0">
  <testcase name="comparearrays" time="0.019" classname="pack.ArrayComparing"/>
</testsuite> <!-- pack.ArrayComparing -->
