<?xml version="1.0" encoding="UTF-8"?>
<!-- Generated by org.testng.reporters.JUnitReportReporter -->
<testsuite skipped="0" hostname="SumathiUsha-PC" name="pack.ReadExcel" tests="1" failures="0" timestamp="18 May 2018 19:03:31 GMT" time="0.866" errors="0">
  <testcase name="readexcel" time="0.866" classname="pack.ReadExcel"/>
</testsuite> <!-- pack.ReadExcel -->
