<?xml version="1.0" encoding="UTF-8"?>
<!-- Generated by org.testng.reporters.JUnitReportReporter -->
<testsuite skipped="0" hostname="SumathiUsha-PC" name="pack.Arraylist" tests="1" failures="0" timestamp="06 Jul 2018 20:09:01 GMT" time="0.016" errors="0">
  <testcase name="Alist" time="0.016" classname="pack.Arraylist"/>
</testsuite> <!-- pack.Arraylist -->
