<?xml version="1.0" encoding="UTF-8"?>
<!-- Generated by org.testng.reporters.JUnitReportReporter -->
<testsuite skipped="0" hostname="SumathiUsha-PC" name="pack.Pali" tests="1" failures="0" timestamp="06 Jul 2018 20:18:01 GMT" time="4.619" errors="0">
  <testcase name="palindrom" time="4.619" classname="pack.Pali"/>
</testsuite> <!-- pack.Pali -->
