<?xml version="1.0" encoding="UTF-8"?>
<!-- Generated by org.testng.reporters.JUnitReportReporter -->
<testsuite skipped="0" hostname="SumathiUsha-PC" name="pack.MatrixArray" tests="1" failures="0" timestamp="19 Apr 2018 10:22:48 GMT" time="0.017" errors="0">
  <testcase name="Matrix" time="0.017" classname="pack.MatrixArray"/>
</testsuite> <!-- pack.MatrixArray -->
