<?xml version="1.0" encoding="UTF-8"?>
<!-- Generated by org.testng.reporters.JUnitReportReporter -->
<testsuite skipped="0" hostname="SumathiUsha-PC" name="pack.PolyNum" tests="1" failures="0" timestamp="13 Apr 2018 07:33:22 GMT" time="5.453" errors="0">
  <testcase name="palnumber" time="5.453" classname="pack.PolyNum"/>
</testsuite> <!-- pack.PolyNum -->
