<?xml version="1.0" encoding="UTF-8"?>
<!-- Generated by org.testng.reporters.JUnitReportReporter -->
<testsuite skipped="0" hostname="SumathiUsha-PC" name="pack.SortArrayList" tests="1" failures="0" timestamp="09 Jul 2018 05:10:51 GMT" time="0.017" errors="0">
  <testcase name="arraylist" time="0.017" classname="pack.SortArrayList"/>
</testsuite> <!-- pack.SortArrayList -->
