<?xml version="1.0" encoding="UTF-8"?>
<!-- Generated by org.testng.reporters.JUnitReportReporter -->
<testsuite skipped="0" hostname="SumathiUsha-PC" name="pack.SortArray" tests="1" failures="0" timestamp="06 Jul 2018 20:21:24 GMT" time="0.015" errors="0">
  <testcase name="ArraySorting" time="0.015" classname="pack.SortArray"/>
</testsuite> <!-- pack.SortArray -->
