<?xml version="1.0" encoding="UTF-8"?>
<!-- Generated by org.testng.reporters.JUnitReportReporter -->
<testsuite skipped="0" hostname="SumathiUsha-PC" name="pack.Array" tests="1" failures="0" timestamp="18 Jun 2018 03:38:10 GMT" time="0.014" errors="0">
  <testcase name="array" time="0.014" classname="pack.Array"/>
</testsuite> <!-- pack.Array -->
