<?xml version="1.0" encoding="UTF-8"?>
<!-- Generated by org.testng.reporters.JUnitReportReporter -->
<testsuite skipped="2" hostname="SumathiUsha-PC" name="pack.NewTest" tests="5" failures="0" timestamp="19 Apr 2018 07:26:46 GMT" time="0.031" errors="0">
  <testcase name="sin" time="0.026" classname="pack.NewTest"/>
  <testcase name="App" time="0.003" classname="pack.NewTest"/>
  <testcase name="signup" time="0.002" classname="pack.NewTest"/>
  <testcase name="signature" classname="pack.NewTest">
    <skipped/>
  </testcase> <!-- signature -->
  <testcase name="sign" classname="pack.NewTest">
    <skipped/>
  </testcase> <!-- sign -->
</testsuite> <!-- pack.NewTest -->
