<?xml version="1.0" encoding="UTF-8"?>
<!-- Generated by org.testng.reporters.JUnitReportReporter -->
<testsuite skipped="0" hostname="SumathiUsha-PC" name="pack.Generic" tests="1" failures="0" timestamp="19 Apr 2018 04:31:36 GMT" time="0.016" errors="0">
  <testcase name="Array" time="0.016" classname="pack.Generic"/>
</testsuite> <!-- pack.Generic -->
