<?xml version="1.0" encoding="UTF-8"?>
<!-- Generated by org.testng.reporters.JUnitReportReporter -->
<testsuite skipped="0" hostname="SumathiUsha-PC" name="pack.GmailLogin" tests="1" failures="0" timestamp="11 May 2018 13:32:13 GMT" time="15.983" errors="0">
  <testcase name="login" time="15.983" classname="pack.GmailLogin"/>
</testsuite> <!-- pack.GmailLogin -->
