<?xml version="1.0" encoding="UTF-8"?>
<!-- Generated by org.testng.reporters.JUnitReportReporter -->
<testsuite skipped="0" hostname="SumathiUsha-PC" name="pack.ArraySum" tests="1" failures="0" timestamp="20 May 2018 10:51:25 GMT" time="0.017" errors="0">
  <testcase name="arraysum" time="0.017" classname="pack.ArraySum"/>
</testsuite> <!-- pack.ArraySum -->
