<?xml version="1.0" encoding="UTF-8"?>
<!-- Generated by org.testng.reporters.JUnitReportReporter -->
<testsuite skipped="0" hostname="SumathiUsha-PC" name="pack.Palindrom" tests="1" failures="0" timestamp="06 Jul 2018 20:19:31 GMT" time="7.286" errors="0">
  <testcase name="polypgm" time="7.286" classname="pack.Palindrom"/>
</testsuite> <!-- pack.Palindrom -->
