<?xml version="1.0" encoding="UTF-8"?>
<!-- Generated by org.testng.reporters.JUnitReportReporter -->
<testsuite skipped="0" hostname="SumathiUsha-PC" name="pack.Ref" tests="2" failures="0" timestamp="11 May 2018 14:02:28 GMT" time="0.018" errors="0">
  <testcase name="tc_1" time="0.016" classname="pack.Ref"/>
  <testcase name="tc_2" time="0.002" classname="pack.Ref"/>
</testsuite> <!-- pack.Ref -->
