<?xml version="1.0" encoding="UTF-8"?>
<!-- Generated by org.testng.reporters.JUnitReportReporter -->
<testsuite skipped="0" hostname="SumathiUsha-PC" name="pack.Practice" tests="11" failures="0" timestamp="25 Jun 2018 13:30:38 GMT" time="0.052" errors="0">
  <testcase name="sample" time="0.019" classname="pack.Practice"/>
  <testcase name="sample1" time="0.002" classname="pack.Practice"/>
  <testcase name="sample2" time="0.002" classname="pack.Practice"/>
  <testcase name="CharLine" time="0.009" classname="pack.Practice"/>
  <testcase name="CharLine1" time="0.003" classname="pack.Practice"/>
  <testcase name="generel" time="0.008" classname="pack.Practice"/>
  <testcase name="gen" time="0.002" classname="pack.Practice"/>
  <testcase name="Cha" time="0.002" classname="pack.Practice"/>
  <testcase name="genere" time="0.001" classname="pack.Practice"/>
  <testcase name="Chain" time="0.002" classname="pack.Practice"/>
  <testcase name="Chai" time="0.002" classname="pack.Practice"/>
</testsuite> <!-- pack.Practice -->
