<?xml version="1.0" encoding="UTF-8"?>
<!-- Generated by org.testng.reporters.JUnitReportReporter -->
<testsuite skipped="0" hostname="SumathiUsha-PC" name="Freq.Practice" tests="1" failures="0" timestamp="06 Jul 2018 06:45:11 GMT" time="0.021" errors="0">
  <testcase name="sample" time="0.021" classname="Freq.Practice"/>
</testsuite> <!-- Freq.Practice -->
