<?xml version="1.0" encoding="UTF-8"?>
<!-- Generated by org.testng.reporters.JUnitReportReporter -->
<testsuite skipped="0" hostname="SumathiUsha-PC" name="Freq.Task2" tests="1" failures="0" timestamp="12 Apr 2018 06:10:30 GMT" time="63.839" errors="0">
  <testcase name="SecondTestcase" time="63.839" classname="Freq.Task2"/>
</testsuite> <!-- Freq.Task2 -->
