<?xml version="1.0" encoding="UTF-8"?>
<!-- Generated by org.testng.reporters.JUnitReportReporter -->
<testsuite skipped="0" hostname="SumathiUsha-PC" name="Freq.Task3" tests="1" failures="0" timestamp="08 May 2018 12:41:19 GMT" time="61.895" errors="0">
  <testcase name="Thirdtestcase" time="61.895" classname="Freq.Task3"/>
</testsuite> <!-- Freq.Task3 -->
