<?xml version="1.0" encoding="UTF-8"?>
<!-- Generated by org.testng.reporters.JUnitReportReporter -->
<testsuite skipped="0" hostname="SumathiUsha-PC" name="Freq.Run" tests="1" failures="0" timestamp="06 Jul 2018 08:31:01 GMT" time="0.015" errors="0">
  <testcase name="tc_3" time="0.015" classname="Freq.Run"/>
</testsuite> <!-- Freq.Run -->
