<?xml version="1.0" encoding="UTF-8"?>
<!-- Generated by org.testng.reporters.JUnitReportReporter -->
<testsuite skipped="0" hostname="SumathiUsha-PC" name="Freq.Testgrp" tests="2" failures="0" timestamp="06 Jul 2018 08:31:01 GMT" time="0.008" errors="0">
  <testcase name="tc_6" time="0.003" classname="Freq.Testgrp"/>
  <testcase name="tc_4" time="0.005" classname="Freq.Testgrp"/>
</testsuite> <!-- Freq.Testgrp -->
